2022-03-11 11:16:04,263 INFO org.springframework.boot.StartupInfoLogger [main] Starting SpringBootProjectApplication using Java 1.8.0_321 on PC-15 with PID 13176 (D:\springbootproject\target\classes started by PC-15 in D:\springbootproject)
2022-03-11 11:16:04,271 INFO org.springframework.boot.SpringApplication [main] No active profile set, falling back to 1 default profile: "default"
2022-03-11 11:16:15,679 INFO org.springframework.data.repository.config.RepositoryConfigurationDelegate [main] Bootstrapping Spring Data JPA repositories in DEFAULT mode.
2022-03-11 11:16:16,889 INFO org.springframework.data.repository.config.RepositoryConfigurationDelegate [main] Finished Spring Data repository scanning in 854 ms. Found 2 JPA repository interfaces.
2022-03-11 11:16:31,805 INFO org.springframework.boot.web.embedded.tomcat.TomcatWebServer [main] Tomcat initialized with port(s): 8080 (http)
2022-03-11 11:16:32,305 INFO org.apache.juli.logging.DirectJDKLog [main] Initializing ProtocolHandler ["http-nio-8080"]
2022-03-11 11:16:32,307 INFO org.apache.juli.logging.DirectJDKLog [main] Starting service [Tomcat]
2022-03-11 11:16:32,307 INFO org.apache.juli.logging.DirectJDKLog [main] Starting Servlet engine: [Apache Tomcat/9.0.58]
2022-03-11 11:16:34,330 INFO org.apache.juli.logging.DirectJDKLog [main] At least one JAR was scanned for TLDs yet contained no TLDs. Enable debug logging for this logger for a complete list of JARs that were scanned but no TLDs were found in them. Skipping unneeded JARs during scanning can improve startup time and JSP compilation time.
2022-03-11 11:16:34,396 INFO org.apache.juli.logging.DirectJDKLog [main] Initializing Spring embedded WebApplicationContext
2022-03-11 11:16:34,396 INFO org.springframework.boot.web.servlet.context.ServletWebServerApplicationContext [main] Root WebApplicationContext: initialization completed in 29458 ms
2022-03-11 11:16:43,621 INFO org.hibernate.jpa.internal.util.LogHelper [main] HHH000204: Processing PersistenceUnitInfo [name: default]
2022-03-11 11:16:46,646 INFO org.hibernate.Version [main] HHH000412: Hibernate ORM core version 5.6.5.Final
2022-03-11 11:16:54,781 INFO org.hibernate.annotations.common.reflection.java.JavaReflectionManager [main] HCANN000001: Hibernate Commons Annotations {5.1.2.Final}
2022-03-11 11:16:57,988 INFO com.zaxxer.hikari.HikariDataSource [main] HikariPool-1 - Starting...
2022-03-11 11:17:03,222 INFO com.zaxxer.hikari.HikariDataSource [main] HikariPool-1 - Start completed.
2022-03-11 11:17:04,392 INFO org.hibernate.dialect.Dialect [main] HHH000400: Using dialect: org.hibernate.dialect.MySQL55Dialect
2022-03-11 11:17:17,677 INFO org.hibernate.engine.transaction.jta.platform.internal.JtaPlatformInitiator [main] HHH000490: Using JtaPlatform implementation: [org.hibernate.engine.transaction.jta.platform.internal.NoJtaPlatform]
2022-03-11 11:17:17,761 INFO org.springframework.orm.jpa.AbstractEntityManagerFactoryBean [main] Initialized JPA EntityManagerFactory for persistence unit 'default'
2022-03-11 11:17:21,867 WARN org.springframework.boot.autoconfigure.orm.jpa.JpaBaseConfiguration$JpaWebConfiguration [main] spring.jpa.open-in-view is enabled by default. Therefore, database queries may be performed during view rendering. Explicitly configure spring.jpa.open-in-view to disable this warning
2022-03-11 11:17:25,007 INFO org.apache.juli.logging.DirectJDKLog [main] Starting ProtocolHandler ["http-nio-8080"]
2022-03-11 11:17:25,225 INFO org.springframework.boot.web.embedded.tomcat.TomcatWebServer [main] Tomcat started on port(s): 8080 (http) with context path ''
2022-03-11 11:17:25,243 INFO org.springframework.boot.StartupInfoLogger [main] Started SpringBootProjectApplication in 95.692 seconds (JVM running for 113.059)
2022-03-11 11:17:28,004 INFO org.apache.juli.logging.DirectJDKLog [http-nio-8080-exec-2] Initializing Spring DispatcherServlet 'dispatcherServlet'
2022-03-11 11:17:28,005 INFO org.springframework.web.servlet.FrameworkServlet [http-nio-8080-exec-2] Initializing Servlet 'dispatcherServlet'
2022-03-11 11:17:28,009 INFO org.springframework.web.servlet.FrameworkServlet [http-nio-8080-exec-2] Completed initialization in 3 ms
2022-03-11 11:17:28,120 INFO com.onlyjavatech.samir.controller.Department.DepartmentController [http-nio-8080-exec-2] ----------------- Info message by samir --------------
2022-03-11 11:17:28,120 INFO com.onlyjavatech.samir.controller.Department.DepartmentController [http-nio-8080-exec-2] -- sum --
2022-03-11 11:17:28,121 INFO com.onlyjavatech.samir.controller.Department.DepartmentController [http-nio-8080-exec-2] 15
2022-03-11 11:17:28,127 INFO com.onlyjavatech.samir.controller.Department.DepartmentController [http-nio-8080-exec-2] -- sumAll --
2022-03-11 11:17:28,128 INFO com.onlyjavatech.samir.controller.Department.DepartmentController [http-nio-8080-exec-2] 20
2022-03-11 11:17:28,130 INFO com.onlyjavatech.samir.controller.Department.DepartmentController [http-nio-8080-exec-2] -- multiplication --
2022-03-11 11:17:28,135 INFO com.onlyjavatech.samir.controller.Department.DepartmentController [http-nio-8080-exec-2] 240
2022-03-11 11:17:28,138 INFO com.onlyjavatech.samir.controller.Department.DepartmentController [http-nio-8080-exec-2] -- devision --
2022-03-11 11:17:28,140 INFO com.onlyjavatech.samir.controller.Department.DepartmentController [http-nio-8080-exec-2] 0.0
2022-03-11 11:17:28,141 INFO com.onlyjavatech.samir.controller.Department.DepartmentController [http-nio-8080-exec-2] -- maxValue --
2022-03-11 11:17:28,143 INFO com.onlyjavatech.samir.controller.Department.DepartmentController [http-nio-8080-exec-2] 5
2022-03-11 11:17:28,143 INFO com.onlyjavatech.samir.controller.Department.DepartmentController [http-nio-8080-exec-2] -- square --
2022-03-11 11:17:28,143 INFO com.onlyjavatech.samir.controller.Department.DepartmentController [http-nio-8080-exec-2] [1, 4, 9, 16, 25]
2022-03-11 11:17:28,144 INFO com.onlyjavatech.samir.controller.Department.DepartmentController [http-nio-8080-exec-2] -- even --
2022-03-11 11:17:28,144 INFO com.onlyjavatech.samir.controller.Department.DepartmentController [http-nio-8080-exec-2] 6
2022-03-11 11:17:28,144 INFO com.onlyjavatech.samir.controller.Department.DepartmentController [http-nio-8080-exec-2] -- forEach --
2022-03-11 11:17:28,153 INFO com.onlyjavatech.samir.controller.Department.DepartmentController [http-nio-8080-exec-2] -- forEach Samir --
2022-03-11 11:17:28,155 INFO com.onlyjavatech.samir.controller.Department.DepartmentController [http-nio-8080-exec-2] --- limit in stream ------
2022-03-11 11:17:28,156 INFO com.onlyjavatech.samir.controller.Department.DepartmentController [http-nio-8080-exec-2] [1, 2]
2022-03-11 11:17:28,156 INFO com.onlyjavatech.samir.controller.Department.DepartmentController [http-nio-8080-exec-2] ------- Names -----------
2022-03-11 11:17:28,166 INFO com.onlyjavatech.samir.controller.Department.DepartmentController [http-nio-8080-exec-2] [, arbaz, nikhil, samir, tejas]
2022-03-11 11:17:28,166 INFO com.onlyjavatech.samir.controller.Department.DepartmentController [http-nio-8080-exec-2] ------- Names starts with -----------
2022-03-11 11:17:28,167 INFO com.onlyjavatech.samir.controller.Department.DepartmentController [http-nio-8080-exec-2] [arbaz]
2022-03-11 11:17:28,168 WARN com.onlyjavatech.samir.controller.Department.DepartmentController [http-nio-8080-exec-2] ----------------- warn message by samir --------------
2022-03-11 11:17:28,168 ERROR com.onlyjavatech.samir.controller.Department.DepartmentController [http-nio-8080-exec-2] ----------------- Error message by samir --------------
2022-03-11 11:20:34,339 INFO org.springframework.orm.jpa.AbstractEntityManagerFactoryBean [SpringApplicationShutdownHook] Closing JPA EntityManagerFactory for persistence unit 'default'
2022-03-11 11:20:34,362 INFO com.zaxxer.hikari.HikariDataSource [SpringApplicationShutdownHook] HikariPool-1 - Shutdown initiated...
2022-03-11 11:20:34,562 INFO com.zaxxer.hikari.HikariDataSource [SpringApplicationShutdownHook] HikariPool-1 - Shutdown completed.
2022-03-11 11:20:45,835 INFO org.springframework.boot.StartupInfoLogger [main] Starting SpringBootProjectApplication using Java 1.8.0_321 on PC-15 with PID 12680 (D:\springbootproject\target\classes started by PC-15 in D:\springbootproject)
2022-03-11 11:20:45,842 INFO org.springframework.boot.SpringApplication [main] No active profile set, falling back to 1 default profile: "default"
2022-03-11 11:20:48,282 INFO org.springframework.data.repository.config.RepositoryConfigurationDelegate [main] Bootstrapping Spring Data JPA repositories in DEFAULT mode.
2022-03-11 11:20:48,413 INFO org.springframework.data.repository.config.RepositoryConfigurationDelegate [main] Finished Spring Data repository scanning in 111 ms. Found 2 JPA repository interfaces.
2022-03-11 11:20:50,152 INFO org.springframework.boot.web.embedded.tomcat.TomcatWebServer [main] Tomcat initialized with port(s): 8080 (http)
2022-03-11 11:20:50,188 INFO org.apache.juli.logging.DirectJDKLog [main] Initializing ProtocolHandler ["http-nio-8080"]
2022-03-11 11:20:50,192 INFO org.apache.juli.logging.DirectJDKLog [main] Starting service [Tomcat]
2022-03-11 11:20:50,193 INFO org.apache.juli.logging.DirectJDKLog [main] Starting Servlet engine: [Apache Tomcat/9.0.58]
2022-03-11 11:20:50,853 INFO org.apache.juli.logging.DirectJDKLog [main] At least one JAR was scanned for TLDs yet contained no TLDs. Enable debug logging for this logger for a complete list of JARs that were scanned but no TLDs were found in them. Skipping unneeded JARs during scanning can improve startup time and JSP compilation time.
2022-03-11 11:20:50,878 INFO org.apache.juli.logging.DirectJDKLog [main] Initializing Spring embedded WebApplicationContext
2022-03-11 11:20:50,879 INFO org.springframework.boot.web.servlet.context.ServletWebServerApplicationContext [main] Root WebApplicationContext: initialization completed in 4820 ms
2022-03-11 11:20:51,499 INFO org.hibernate.jpa.internal.util.LogHelper [main] HHH000204: Processing PersistenceUnitInfo [name: default]
2022-03-11 11:20:51,651 INFO org.hibernate.Version [main] HHH000412: Hibernate ORM core version 5.6.5.Final
2022-03-11 11:20:51,998 INFO org.hibernate.annotations.common.reflection.java.JavaReflectionManager [main] HCANN000001: Hibernate Commons Annotations {5.1.2.Final}
2022-03-11 11:20:52,251 INFO com.zaxxer.hikari.HikariDataSource [main] HikariPool-1 - Starting...
2022-03-11 11:20:52,581 INFO com.zaxxer.hikari.HikariDataSource [main] HikariPool-1 - Start completed.
2022-03-11 11:20:52,624 INFO org.hibernate.dialect.Dialect [main] HHH000400: Using dialect: org.hibernate.dialect.MySQL55Dialect
2022-03-11 11:20:54,718 INFO org.hibernate.engine.transaction.jta.platform.internal.JtaPlatformInitiator [main] HHH000490: Using JtaPlatform implementation: [org.hibernate.engine.transaction.jta.platform.internal.NoJtaPlatform]
2022-03-11 11:20:54,747 INFO org.springframework.orm.jpa.AbstractEntityManagerFactoryBean [main] Initialized JPA EntityManagerFactory for persistence unit 'default'
2022-03-11 11:20:56,532 WARN org.springframework.boot.autoconfigure.orm.jpa.JpaBaseConfiguration$JpaWebConfiguration [main] spring.jpa.open-in-view is enabled by default. Therefore, database queries may be performed during view rendering. Explicitly configure spring.jpa.open-in-view to disable this warning
2022-03-11 11:20:57,779 INFO org.apache.juli.logging.DirectJDKLog [main] Starting ProtocolHandler ["http-nio-8080"]
2022-03-11 11:20:57,930 INFO org.springframework.boot.web.embedded.tomcat.TomcatWebServer [main] Tomcat started on port(s): 8080 (http) with context path ''
2022-03-11 11:20:57,956 INFO org.springframework.boot.StartupInfoLogger [main] Started SpringBootProjectApplication in 13.636 seconds (JVM running for 15.223)
2022-03-11 11:21:11,555 INFO org.apache.juli.logging.DirectJDKLog [http-nio-8080-exec-1] Initializing Spring DispatcherServlet 'dispatcherServlet'
2022-03-11 11:21:11,555 INFO org.springframework.web.servlet.FrameworkServlet [http-nio-8080-exec-1] Initializing Servlet 'dispatcherServlet'
2022-03-11 11:21:11,558 INFO org.springframework.web.servlet.FrameworkServlet [http-nio-8080-exec-1] Completed initialization in 2 ms
2022-03-11 11:21:11,642 INFO com.onlyjavatech.samir.controller.Department.DepartmentController [http-nio-8080-exec-1] ----------------- Info message by samir --------------
2022-03-11 11:21:11,656 INFO com.onlyjavatech.samir.controller.Department.DepartmentController [http-nio-8080-exec-1] -- sum --
2022-03-11 11:21:11,658 INFO com.onlyjavatech.samir.controller.Department.DepartmentController [http-nio-8080-exec-1] 15
2022-03-11 11:21:11,658 INFO com.onlyjavatech.samir.controller.Department.DepartmentController [http-nio-8080-exec-1] -- sumAll --
2022-03-11 11:21:11,659 INFO com.onlyjavatech.samir.controller.Department.DepartmentController [http-nio-8080-exec-1] 20
2022-03-11 11:21:11,673 INFO com.onlyjavatech.samir.controller.Department.DepartmentController [http-nio-8080-exec-1] -- multiplication --
2022-03-11 11:21:11,675 INFO com.onlyjavatech.samir.controller.Department.DepartmentController [http-nio-8080-exec-1] 240
2022-03-11 11:21:11,676 INFO com.onlyjavatech.samir.controller.Department.DepartmentController [http-nio-8080-exec-1] -- devision --
2022-03-11 11:21:11,676 INFO com.onlyjavatech.samir.controller.Department.DepartmentController [http-nio-8080-exec-1] 0.0
2022-03-11 11:21:11,677 INFO com.onlyjavatech.samir.controller.Department.DepartmentController [http-nio-8080-exec-1] -- maxValue --
2022-03-11 11:21:11,677 INFO com.onlyjavatech.samir.controller.Department.DepartmentController [http-nio-8080-exec-1] 5
2022-03-11 11:21:11,678 INFO com.onlyjavatech.samir.controller.Department.DepartmentController [http-nio-8080-exec-1] -- square --
2022-03-11 11:21:11,682 INFO com.onlyjavatech.samir.controller.Department.DepartmentController [http-nio-8080-exec-1] [1, 4, 9, 16, 25]
2022-03-11 11:21:11,683 INFO com.onlyjavatech.samir.controller.Department.DepartmentController [http-nio-8080-exec-1] -- even --
2022-03-11 11:21:11,683 INFO com.onlyjavatech.samir.controller.Department.DepartmentController [http-nio-8080-exec-1] 6
2022-03-11 11:21:11,684 INFO com.onlyjavatech.samir.controller.Department.DepartmentController [http-nio-8080-exec-1] -- forEach --
2022-03-11 11:21:11,704 INFO com.onlyjavatech.samir.controller.Department.DepartmentController [http-nio-8080-exec-1] -- forEach Samir --
2022-03-11 11:21:11,706 INFO com.onlyjavatech.samir.controller.Department.DepartmentController [http-nio-8080-exec-1] --- limit in stream ------
2022-03-11 11:21:11,708 INFO com.onlyjavatech.samir.controller.Department.DepartmentController [http-nio-8080-exec-1] [1, 2]
2022-03-11 11:21:11,709 INFO com.onlyjavatech.samir.controller.Department.DepartmentController [http-nio-8080-exec-1] ----- sort integer list ------
2022-03-11 11:21:11,711 INFO com.onlyjavatech.samir.controller.Department.DepartmentController [http-nio-8080-exec-1] [1, 2, 3, 4, 5]
2022-03-11 11:21:11,719 INFO com.onlyjavatech.samir.controller.Department.DepartmentController [http-nio-8080-exec-1] ------- Names -----------
2022-03-11 11:21:11,723 INFO com.onlyjavatech.samir.controller.Department.DepartmentController [http-nio-8080-exec-1] [, arbaz, nikhil, samir, tejas]
2022-03-11 11:21:11,724 INFO com.onlyjavatech.samir.controller.Department.DepartmentController [http-nio-8080-exec-1] ------- Names starts with -----------
2022-03-11 11:21:11,725 INFO com.onlyjavatech.samir.controller.Department.DepartmentController [http-nio-8080-exec-1] [arbaz]
2022-03-11 11:21:11,725 WARN com.onlyjavatech.samir.controller.Department.DepartmentController [http-nio-8080-exec-1] ----------------- warn message by samir --------------
2022-03-11 11:21:11,726 ERROR com.onlyjavatech.samir.controller.Department.DepartmentController [http-nio-8080-exec-1] ----------------- Error message by samir --------------
2022-03-11 11:22:49,951 INFO org.springframework.orm.jpa.AbstractEntityManagerFactoryBean [SpringApplicationShutdownHook] Closing JPA EntityManagerFactory for persistence unit 'default'
2022-03-11 11:22:49,955 INFO com.zaxxer.hikari.HikariDataSource [SpringApplicationShutdownHook] HikariPool-1 - Shutdown initiated...
2022-03-11 11:22:49,971 INFO com.zaxxer.hikari.HikariDataSource [SpringApplicationShutdownHook] HikariPool-1 - Shutdown completed.
2022-03-11 11:23:00,672 INFO org.springframework.boot.StartupInfoLogger [main] Starting SpringBootProjectApplication using Java 1.8.0_321 on PC-15 with PID 12088 (D:\springbootproject\target\classes started by PC-15 in D:\springbootproject)
2022-03-11 11:23:00,680 INFO org.springframework.boot.SpringApplication [main] No active profile set, falling back to 1 default profile: "default"
2022-03-11 11:23:02,542 INFO org.springframework.data.repository.config.RepositoryConfigurationDelegate [main] Bootstrapping Spring Data JPA repositories in DEFAULT mode.
2022-03-11 11:23:02,659 INFO org.springframework.data.repository.config.RepositoryConfigurationDelegate [main] Finished Spring Data repository scanning in 92 ms. Found 2 JPA repository interfaces.
2022-03-11 11:23:04,175 INFO org.springframework.boot.web.embedded.tomcat.TomcatWebServer [main] Tomcat initialized with port(s): 8080 (http)
2022-03-11 11:23:04,198 INFO org.apache.juli.logging.DirectJDKLog [main] Initializing ProtocolHandler ["http-nio-8080"]
2022-03-11 11:23:04,200 INFO org.apache.juli.logging.DirectJDKLog [main] Starting service [Tomcat]
2022-03-11 11:23:04,201 INFO org.apache.juli.logging.DirectJDKLog [main] Starting Servlet engine: [Apache Tomcat/9.0.58]
2022-03-11 11:23:04,873 INFO org.apache.juli.logging.DirectJDKLog [main] At least one JAR was scanned for TLDs yet contained no TLDs. Enable debug logging for this logger for a complete list of JARs that were scanned but no TLDs were found in them. Skipping unneeded JARs during scanning can improve startup time and JSP compilation time.
2022-03-11 11:23:04,889 INFO org.apache.juli.logging.DirectJDKLog [main] Initializing Spring embedded WebApplicationContext
2022-03-11 11:23:04,889 INFO org.springframework.boot.web.servlet.context.ServletWebServerApplicationContext [main] Root WebApplicationContext: initialization completed in 4064 ms
2022-03-11 11:23:05,430 INFO org.hibernate.jpa.internal.util.LogHelper [main] HHH000204: Processing PersistenceUnitInfo [name: default]
2022-03-11 11:23:05,502 INFO org.hibernate.Version [main] HHH000412: Hibernate ORM core version 5.6.5.Final
2022-03-11 11:23:05,749 INFO org.hibernate.annotations.common.reflection.java.JavaReflectionManager [main] HCANN000001: Hibernate Commons Annotations {5.1.2.Final}
2022-03-11 11:23:05,955 INFO com.zaxxer.hikari.HikariDataSource [main] HikariPool-1 - Starting...
2022-03-11 11:23:06,176 INFO com.zaxxer.hikari.HikariDataSource [main] HikariPool-1 - Start completed.
2022-03-11 11:23:06,223 INFO org.hibernate.dialect.Dialect [main] HHH000400: Using dialect: org.hibernate.dialect.MySQL55Dialect
2022-03-11 11:23:07,386 INFO org.hibernate.engine.transaction.jta.platform.internal.JtaPlatformInitiator [main] HHH000490: Using JtaPlatform implementation: [org.hibernate.engine.transaction.jta.platform.internal.NoJtaPlatform]
2022-03-11 11:23:07,401 INFO org.springframework.orm.jpa.AbstractEntityManagerFactoryBean [main] Initialized JPA EntityManagerFactory for persistence unit 'default'
2022-03-11 11:23:08,085 WARN org.springframework.boot.autoconfigure.orm.jpa.JpaBaseConfiguration$JpaWebConfiguration [main] spring.jpa.open-in-view is enabled by default. Therefore, database queries may be performed during view rendering. Explicitly configure spring.jpa.open-in-view to disable this warning
2022-03-11 11:23:08,721 INFO org.apache.juli.logging.DirectJDKLog [main] Starting ProtocolHandler ["http-nio-8080"]
2022-03-11 11:23:08,780 INFO org.springframework.boot.web.embedded.tomcat.TomcatWebServer [main] Tomcat started on port(s): 8080 (http) with context path ''
2022-03-11 11:23:08,798 INFO org.springframework.boot.StartupInfoLogger [main] Started SpringBootProjectApplication in 9.036 seconds (JVM running for 10.503)
2022-03-11 11:45:29,181 INFO org.springframework.orm.jpa.AbstractEntityManagerFactoryBean [SpringApplicationShutdownHook] Closing JPA EntityManagerFactory for persistence unit 'default'
2022-03-11 11:45:29,203 INFO com.zaxxer.hikari.HikariDataSource [SpringApplicationShutdownHook] HikariPool-1 - Shutdown initiated...
2022-03-11 11:45:29,366 INFO com.zaxxer.hikari.HikariDataSource [SpringApplicationShutdownHook] HikariPool-1 - Shutdown completed.
2022-03-11 11:45:46,767 INFO org.springframework.boot.StartupInfoLogger [main] Starting SpringBootProjectApplication using Java 1.8.0_321 on PC-15 with PID 8084 (D:\springbootproject\target\classes started by PC-15 in D:\springbootproject)
2022-03-11 11:45:46,773 INFO org.springframework.boot.SpringApplication [main] No active profile set, falling back to 1 default profile: "default"
2022-03-11 11:45:49,276 INFO org.springframework.data.repository.config.RepositoryConfigurationDelegate [main] Bootstrapping Spring Data JPA repositories in DEFAULT mode.
2022-03-11 11:45:49,388 INFO org.springframework.data.repository.config.RepositoryConfigurationDelegate [main] Finished Spring Data repository scanning in 90 ms. Found 2 JPA repository interfaces.
2022-03-11 11:45:51,486 INFO org.springframework.boot.web.embedded.tomcat.TomcatWebServer [main] Tomcat initialized with port(s): 8080 (http)
2022-03-11 11:45:51,553 INFO org.apache.juli.logging.DirectJDKLog [main] Initializing ProtocolHandler ["http-nio-8080"]
2022-03-11 11:45:51,554 INFO org.apache.juli.logging.DirectJDKLog [main] Starting service [Tomcat]
2022-03-11 11:45:51,555 INFO org.apache.juli.logging.DirectJDKLog [main] Starting Servlet engine: [Apache Tomcat/9.0.58]
2022-03-11 11:45:52,177 INFO org.apache.juli.logging.DirectJDKLog [main] At least one JAR was scanned for TLDs yet contained no TLDs. Enable debug logging for this logger for a complete list of JARs that were scanned but no TLDs were found in them. Skipping unneeded JARs during scanning can improve startup time and JSP compilation time.
2022-03-11 11:45:52,231 INFO org.apache.juli.logging.DirectJDKLog [main] Initializing Spring embedded WebApplicationContext
2022-03-11 11:45:52,233 INFO org.springframework.boot.web.servlet.context.ServletWebServerApplicationContext [main] Root WebApplicationContext: initialization completed in 5202 ms
2022-03-11 11:45:53,513 INFO org.hibernate.jpa.internal.util.LogHelper [main] HHH000204: Processing PersistenceUnitInfo [name: default]
2022-03-11 11:45:53,644 INFO org.hibernate.Version [main] HHH000412: Hibernate ORM core version 5.6.5.Final
2022-03-11 11:45:54,210 INFO org.hibernate.annotations.common.reflection.java.JavaReflectionManager [main] HCANN000001: Hibernate Commons Annotations {5.1.2.Final}
2022-03-11 11:45:54,543 INFO com.zaxxer.hikari.HikariDataSource [main] HikariPool-1 - Starting...
2022-03-11 11:45:54,883 INFO com.zaxxer.hikari.HikariDataSource [main] HikariPool-1 - Start completed.
2022-03-11 11:45:54,977 INFO org.hibernate.dialect.Dialect [main] HHH000400: Using dialect: org.hibernate.dialect.MySQL55Dialect
2022-03-11 11:45:56,767 INFO org.hibernate.engine.transaction.jta.platform.internal.JtaPlatformInitiator [main] HHH000490: Using JtaPlatform implementation: [org.hibernate.engine.transaction.jta.platform.internal.NoJtaPlatform]
2022-03-11 11:45:56,784 INFO org.springframework.orm.jpa.AbstractEntityManagerFactoryBean [main] Initialized JPA EntityManagerFactory for persistence unit 'default'
2022-03-11 11:45:57,541 WARN org.springframework.boot.autoconfigure.orm.jpa.JpaBaseConfiguration$JpaWebConfiguration [main] spring.jpa.open-in-view is enabled by default. Therefore, database queries may be performed during view rendering. Explicitly configure spring.jpa.open-in-view to disable this warning
2022-03-11 11:45:58,400 INFO org.apache.juli.logging.DirectJDKLog [main] Starting ProtocolHandler ["http-nio-8080"]
2022-03-11 11:45:58,463 INFO org.springframework.boot.web.embedded.tomcat.TomcatWebServer [main] Tomcat started on port(s): 8080 (http) with context path ''
2022-03-11 11:45:58,480 INFO org.springframework.boot.StartupInfoLogger [main] Started SpringBootProjectApplication in 13.33 seconds (JVM running for 17.147)
2022-03-11 11:46:25,806 INFO org.apache.juli.logging.DirectJDKLog [http-nio-8080-exec-2] Initializing Spring DispatcherServlet 'dispatcherServlet'
2022-03-11 11:46:25,807 INFO org.springframework.web.servlet.FrameworkServlet [http-nio-8080-exec-2] Initializing Servlet 'dispatcherServlet'
2022-03-11 11:46:25,809 INFO org.springframework.web.servlet.FrameworkServlet [http-nio-8080-exec-2] Completed initialization in 2 ms
2022-03-11 11:46:25,964 INFO com.onlyjavatech.samir.controller.Department.DepartmentController [http-nio-8080-exec-2] ----------------- Info message by samir --------------
2022-03-11 11:46:25,965 INFO com.onlyjavatech.samir.controller.Department.DepartmentController [http-nio-8080-exec-2] -- sum --
2022-03-11 11:46:25,966 INFO com.onlyjavatech.samir.controller.Department.DepartmentController [http-nio-8080-exec-2] 15
2022-03-11 11:46:25,967 INFO com.onlyjavatech.samir.controller.Department.DepartmentController [http-nio-8080-exec-2] -- sumAll --
2022-03-11 11:46:25,967 INFO com.onlyjavatech.samir.controller.Department.DepartmentController [http-nio-8080-exec-2] 20
2022-03-11 11:46:25,967 INFO com.onlyjavatech.samir.controller.Department.DepartmentController [http-nio-8080-exec-2] -- multiplication --
2022-03-11 11:46:25,967 INFO com.onlyjavatech.samir.controller.Department.DepartmentController [http-nio-8080-exec-2] 240
2022-03-11 11:46:25,968 INFO com.onlyjavatech.samir.controller.Department.DepartmentController [http-nio-8080-exec-2] -- devision --
2022-03-11 11:46:25,968 INFO com.onlyjavatech.samir.controller.Department.DepartmentController [http-nio-8080-exec-2] 0.0
2022-03-11 11:46:25,968 INFO com.onlyjavatech.samir.controller.Department.DepartmentController [http-nio-8080-exec-2] -- maxValue --
2022-03-11 11:46:25,968 INFO com.onlyjavatech.samir.controller.Department.DepartmentController [http-nio-8080-exec-2] 5
2022-03-11 11:46:25,969 INFO com.onlyjavatech.samir.controller.Department.DepartmentController [http-nio-8080-exec-2] -- square --
2022-03-11 11:46:25,969 INFO com.onlyjavatech.samir.controller.Department.DepartmentController [http-nio-8080-exec-2] [1, 4, 9, 16, 25]
2022-03-11 11:46:25,969 INFO com.onlyjavatech.samir.controller.Department.DepartmentController [http-nio-8080-exec-2] -- even --
2022-03-11 11:46:25,970 INFO com.onlyjavatech.samir.controller.Department.DepartmentController [http-nio-8080-exec-2] 6
2022-03-11 11:46:25,970 INFO com.onlyjavatech.samir.controller.Department.DepartmentController [http-nio-8080-exec-2] -- forEach --
2022-03-11 11:46:25,971 INFO com.onlyjavatech.samir.controller.Department.DepartmentController [http-nio-8080-exec-2] -- forEach Samir --
2022-03-11 11:46:25,972 INFO com.onlyjavatech.samir.controller.Department.DepartmentController [http-nio-8080-exec-2] --- limit in stream ------
2022-03-11 11:46:26,037 INFO com.onlyjavatech.samir.controller.Department.DepartmentController [http-nio-8080-exec-2] [1, 2]
2022-03-11 11:46:26,037 INFO com.onlyjavatech.samir.controller.Department.DepartmentController [http-nio-8080-exec-2] ----- sort integer list ------
2022-03-11 11:46:26,039 INFO com.onlyjavatech.samir.controller.Department.DepartmentController [http-nio-8080-exec-2] [1, 2, 3, 4, 5]
2022-03-11 11:46:26,057 INFO com.onlyjavatech.samir.controller.Department.DepartmentController [http-nio-8080-exec-2] ------- Names -----------
2022-03-11 11:46:26,062 INFO com.onlyjavatech.samir.controller.Department.DepartmentController [http-nio-8080-exec-2] [, arbaz, nikhil, samir, tejas]
2022-03-11 11:46:26,067 INFO com.onlyjavatech.samir.controller.Department.DepartmentController [http-nio-8080-exec-2] ------- Names starts with -----------
2022-03-11 11:46:26,069 INFO com.onlyjavatech.samir.controller.Department.DepartmentController [http-nio-8080-exec-2] [arbaz]
2022-03-11 11:46:26,069 INFO com.onlyjavatech.samir.controller.Department.DepartmentController [http-nio-8080-exec-2] ---- String  Names Sorting -----
2022-03-11 11:46:26,070 INFO com.onlyjavatech.samir.controller.Department.DepartmentController [http-nio-8080-exec-2] [, arbaz, nikhil, samir, tejas]
2022-03-11 11:46:26,071 INFO com.onlyjavatech.samir.controller.Department.DepartmentController [http-nio-8080-exec-2] -- list.sort---
2022-03-11 11:46:26,072 INFO com.onlyjavatech.samir.controller.Department.DepartmentController [http-nio-8080-exec-2] [1, 2, 3, 4, 5]
2022-03-11 11:46:26,073 WARN com.onlyjavatech.samir.controller.Department.DepartmentController [http-nio-8080-exec-2] ----------------- warn message by samir --------------
2022-03-11 11:46:26,073 ERROR com.onlyjavatech.samir.controller.Department.DepartmentController [http-nio-8080-exec-2] ----------------- Error message by samir --------------
2022-03-11 11:49:53,544 INFO org.springframework.orm.jpa.AbstractEntityManagerFactoryBean [SpringApplicationShutdownHook] Closing JPA EntityManagerFactory for persistence unit 'default'
2022-03-11 11:49:53,547 INFO com.zaxxer.hikari.HikariDataSource [SpringApplicationShutdownHook] HikariPool-1 - Shutdown initiated...
2022-03-11 11:49:53,564 INFO com.zaxxer.hikari.HikariDataSource [SpringApplicationShutdownHook] HikariPool-1 - Shutdown completed.
2022-03-11 11:50:03,096 INFO org.springframework.boot.StartupInfoLogger [main] Starting SpringBootProjectApplication using Java 1.8.0_321 on PC-15 with PID 6272 (D:\springbootproject\target\classes started by PC-15 in D:\springbootproject)
2022-03-11 11:50:03,102 INFO org.springframework.boot.SpringApplication [main] No active profile set, falling back to 1 default profile: "default"
2022-03-11 11:50:05,223 INFO org.springframework.data.repository.config.RepositoryConfigurationDelegate [main] Bootstrapping Spring Data JPA repositories in DEFAULT mode.
2022-03-11 11:50:05,373 INFO org.springframework.data.repository.config.RepositoryConfigurationDelegate [main] Finished Spring Data repository scanning in 119 ms. Found 2 JPA repository interfaces.
2022-03-11 11:50:07,110 INFO org.springframework.boot.web.embedded.tomcat.TomcatWebServer [main] Tomcat initialized with port(s): 8080 (http)
2022-03-11 11:50:07,128 INFO org.apache.juli.logging.DirectJDKLog [main] Initializing ProtocolHandler ["http-nio-8080"]
2022-03-11 11:50:07,129 INFO org.apache.juli.logging.DirectJDKLog [main] Starting service [Tomcat]
2022-03-11 11:50:07,130 INFO org.apache.juli.logging.DirectJDKLog [main] Starting Servlet engine: [Apache Tomcat/9.0.58]
2022-03-11 11:50:07,763 INFO org.apache.juli.logging.DirectJDKLog [main] At least one JAR was scanned for TLDs yet contained no TLDs. Enable debug logging for this logger for a complete list of JARs that were scanned but no TLDs were found in them. Skipping unneeded JARs during scanning can improve startup time and JSP compilation time.
2022-03-11 11:50:07,778 INFO org.apache.juli.logging.DirectJDKLog [main] Initializing Spring embedded WebApplicationContext
2022-03-11 11:50:07,779 INFO org.springframework.boot.web.servlet.context.ServletWebServerApplicationContext [main] Root WebApplicationContext: initialization completed in 4541 ms
2022-03-11 11:50:08,287 INFO org.hibernate.jpa.internal.util.LogHelper [main] HHH000204: Processing PersistenceUnitInfo [name: default]
2022-03-11 11:50:08,390 INFO org.hibernate.Version [main] HHH000412: Hibernate ORM core version 5.6.5.Final
2022-03-11 11:50:08,736 INFO org.hibernate.annotations.common.reflection.java.JavaReflectionManager [main] HCANN000001: Hibernate Commons Annotations {5.1.2.Final}
2022-03-11 11:50:09,074 INFO com.zaxxer.hikari.HikariDataSource [main] HikariPool-1 - Starting...
2022-03-11 11:50:09,389 INFO com.zaxxer.hikari.HikariDataSource [main] HikariPool-1 - Start completed.
2022-03-11 11:50:09,425 INFO org.hibernate.dialect.Dialect [main] HHH000400: Using dialect: org.hibernate.dialect.MySQL55Dialect
2022-03-11 11:50:10,535 INFO org.hibernate.engine.transaction.jta.platform.internal.JtaPlatformInitiator [main] HHH000490: Using JtaPlatform implementation: [org.hibernate.engine.transaction.jta.platform.internal.NoJtaPlatform]
2022-03-11 11:50:10,550 INFO org.springframework.orm.jpa.AbstractEntityManagerFactoryBean [main] Initialized JPA EntityManagerFactory for persistence unit 'default'
2022-03-11 11:50:11,157 WARN org.springframework.boot.autoconfigure.orm.jpa.JpaBaseConfiguration$JpaWebConfiguration [main] spring.jpa.open-in-view is enabled by default. Therefore, database queries may be performed during view rendering. Explicitly configure spring.jpa.open-in-view to disable this warning
2022-03-11 11:50:12,095 INFO org.apache.juli.logging.DirectJDKLog [main] Starting ProtocolHandler ["http-nio-8080"]
2022-03-11 11:50:12,151 INFO org.springframework.boot.web.embedded.tomcat.TomcatWebServer [main] Tomcat started on port(s): 8080 (http) with context path ''
2022-03-11 11:50:12,171 INFO org.springframework.boot.StartupInfoLogger [main] Started SpringBootProjectApplication in 10.09 seconds (JVM running for 12.177)
2022-03-11 12:03:06,692 INFO org.apache.juli.logging.DirectJDKLog [http-nio-8080-exec-1] Initializing Spring DispatcherServlet 'dispatcherServlet'
2022-03-11 12:03:06,693 INFO org.springframework.web.servlet.FrameworkServlet [http-nio-8080-exec-1] Initializing Servlet 'dispatcherServlet'
2022-03-11 12:03:06,695 INFO org.springframework.web.servlet.FrameworkServlet [http-nio-8080-exec-1] Completed initialization in 2 ms
2022-03-11 12:03:06,762 INFO com.onlyjavatech.samir.controller.Department.DepartmentController [http-nio-8080-exec-1] ----------------- Info message by samir --------------
2022-03-11 12:03:06,762 INFO com.onlyjavatech.samir.controller.Department.DepartmentController [http-nio-8080-exec-1] -- sum --
2022-03-11 12:03:06,763 INFO com.onlyjavatech.samir.controller.Department.DepartmentController [http-nio-8080-exec-1] 15
2022-03-11 12:03:06,763 INFO com.onlyjavatech.samir.controller.Department.DepartmentController [http-nio-8080-exec-1] -- sumAll --
2022-03-11 12:03:06,763 INFO com.onlyjavatech.samir.controller.Department.DepartmentController [http-nio-8080-exec-1] 20
2022-03-11 12:03:06,763 INFO com.onlyjavatech.samir.controller.Department.DepartmentController [http-nio-8080-exec-1] -- multiplication --
2022-03-11 12:03:06,764 INFO com.onlyjavatech.samir.controller.Department.DepartmentController [http-nio-8080-exec-1] 240
2022-03-11 12:03:06,764 INFO com.onlyjavatech.samir.controller.Department.DepartmentController [http-nio-8080-exec-1] -- devision --
2022-03-11 12:03:06,764 INFO com.onlyjavatech.samir.controller.Department.DepartmentController [http-nio-8080-exec-1] 0.0
2022-03-11 12:03:06,765 INFO com.onlyjavatech.samir.controller.Department.DepartmentController [http-nio-8080-exec-1] -- maxValue --
2022-03-11 12:03:06,765 INFO com.onlyjavatech.samir.controller.Department.DepartmentController [http-nio-8080-exec-1] 5
2022-03-11 12:03:06,765 INFO com.onlyjavatech.samir.controller.Department.DepartmentController [http-nio-8080-exec-1] -- square --
2022-03-11 12:03:06,766 INFO com.onlyjavatech.samir.controller.Department.DepartmentController [http-nio-8080-exec-1] [1, 4, 9, 16, 25]
2022-03-11 12:03:06,766 INFO com.onlyjavatech.samir.controller.Department.DepartmentController [http-nio-8080-exec-1] -- even --
2022-03-11 12:03:06,769 INFO com.onlyjavatech.samir.controller.Department.DepartmentController [http-nio-8080-exec-1] 6
2022-03-11 12:03:06,769 INFO com.onlyjavatech.samir.controller.Department.DepartmentController [http-nio-8080-exec-1] -- forEach --
2022-03-11 12:03:06,771 INFO com.onlyjavatech.samir.controller.Department.DepartmentController [http-nio-8080-exec-1] -- forEach Samir --
2022-03-11 12:03:06,773 INFO com.onlyjavatech.samir.controller.Department.DepartmentController [http-nio-8080-exec-1] --- limit in stream ------
2022-03-11 12:03:06,774 INFO com.onlyjavatech.samir.controller.Department.DepartmentController [http-nio-8080-exec-1] [1, 2]
2022-03-11 12:03:06,774 INFO com.onlyjavatech.samir.controller.Department.DepartmentController [http-nio-8080-exec-1] ----- sort integer list ------
2022-03-11 12:03:06,775 INFO com.onlyjavatech.samir.controller.Department.DepartmentController [http-nio-8080-exec-1] [1, 2, 3, 4, 5]
2022-03-11 12:03:06,776 INFO com.onlyjavatech.samir.controller.Department.DepartmentController [http-nio-8080-exec-1] ------- Names -----------
2022-03-11 12:03:06,777 INFO com.onlyjavatech.samir.controller.Department.DepartmentController [http-nio-8080-exec-1] [, arbaz, nikhil, samir, tejas]
2022-03-11 12:03:06,778 INFO com.onlyjavatech.samir.controller.Department.DepartmentController [http-nio-8080-exec-1] ------- Names starts with -----------
2022-03-11 12:03:06,779 INFO com.onlyjavatech.samir.controller.Department.DepartmentController [http-nio-8080-exec-1] [arbaz]
2022-03-11 12:03:06,780 INFO com.onlyjavatech.samir.controller.Department.DepartmentController [http-nio-8080-exec-1] ---- String Names Sorting -----
2022-03-11 12:03:06,780 INFO com.onlyjavatech.samir.controller.Department.DepartmentController [http-nio-8080-exec-1] [, arbaz, nikhil, samir, tejas]
2022-03-11 12:03:06,780 INFO com.onlyjavatech.samir.controller.Department.DepartmentController [http-nio-8080-exec-1] -- list.sort---
2022-03-11 12:03:06,780 INFO com.onlyjavatech.samir.controller.Department.DepartmentController [http-nio-8080-exec-1] [1, 2, 3, 4, 5]
2022-03-11 12:03:06,781 WARN com.onlyjavatech.samir.controller.Department.DepartmentController [http-nio-8080-exec-1] ----------------- warn message by samir --------------
2022-03-11 12:03:06,781 ERROR com.onlyjavatech.samir.controller.Department.DepartmentController [http-nio-8080-exec-1] ----------------- Error message by samir --------------
2022-03-11 12:06:06,515 INFO org.springframework.orm.jpa.AbstractEntityManagerFactoryBean [SpringApplicationShutdownHook] Closing JPA EntityManagerFactory for persistence unit 'default'
2022-03-11 12:06:06,519 INFO com.zaxxer.hikari.HikariDataSource [SpringApplicationShutdownHook] HikariPool-1 - Shutdown initiated...
2022-03-11 12:06:06,537 INFO com.zaxxer.hikari.HikariDataSource [SpringApplicationShutdownHook] HikariPool-1 - Shutdown completed.
